<?xml version="1.0" encoding="UTF-8"?>
<!-- Generated by org.testng.reporters.JUnitReportReporter -->
<testsuite skipped="0" hostname="DESKTOP-GKFQGVT" name="APITests" tests="2" failures="0" timestamp="2023-02-07T14:33:22 EST" time="2.398" errors="0">
  <testcase name="test1" time="2.209" classname="APITests"/>
  <system-out/>
  <testcase name="test2" time="0.189" classname="APITests"/>
  <system-out/>
</testsuite> <!-- APITests -->
